lib/build/app/intermediates/manifest_merge_blame_file/release/manifest-merger-blame-release-report.txt
1<?xml version="1.0" encoding="utf-8"?>
2<manifest xmlns:android="http://schemas.android.com/apk/res/android"
3    package="com.example.navit"
4    android:versionCode="1"
5    android:versionName="1.0.0" >
6
7    <uses-sdk
8        android:minSdkVersion="23"
9        android:targetSdkVersion="34" />
10    <!--
11         Required to query activities that can process text, see:
12         https://developer.android.com/training/package-visibility and
13         https://developer.android.com/reference/android/content/Intent#ACTION_PROCESS_TEXT.
14
15         In particular, this is used by the Flutter engine in io.flutter.plugin.text.ProcessTextPlugin.
16    -->
17    <queries>
17-->src\main\AndroidManifest.xml:42:5-47:15
18        <intent>
18-->src\main\AndroidManifest.xml:43:9-46:18
19            <action android:name="android.intent.action.PROCESS_TEXT" />
19-->src\main\AndroidManifest.xml:44:13-72
19-->src\main\AndroidManifest.xml:44:21-70
20
21            <data android:mimeType="text/plain" />
21-->src\main\AndroidManifest.xml:45:13-50
21-->src\main\AndroidManifest.xml:45:19-48
22        </intent>
23        <!-- Needs to be explicitly declared on Android R+ -->
24        <package android:name="com.google.android.apps.maps" />
24-->[com.google.android.gms:play-services-maps:18.2.0] AndroidManifest.xml:33:9-64
24-->[com.google.android.gms:play-services-maps:18.2.0] AndroidManifest.xml:33:18-61
25    </queries>
26    <!-- Although the *SdkVersion is captured in gradle build files, this is required for non gradle builds -->
27    <!-- <uses-sdk android:minSdkVersion="21" /> -->
28    <uses-permission android:name="android.permission.ACCESS_NETWORK_STATE" />
28-->[com.google.firebase:firebase-firestore:25.1.1] AndroidManifest.xml:10:5-79
28-->[com.google.firebase:firebase-firestore:25.1.1] AndroidManifest.xml:10:22-76
29    <uses-permission android:name="android.permission.INTERNET" />
29-->[com.google.firebase:firebase-firestore:25.1.1] AndroidManifest.xml:11:5-67
29-->[com.google.firebase:firebase-firestore:25.1.1] AndroidManifest.xml:11:22-64
30    <uses-permission android:name="android.permission.WAKE_LOCK" />
30-->[com.google.android.gms:play-services-measurement-api:22.1.2] AndroidManifest.xml:24:5-68
30-->[com.google.android.gms:play-services-measurement-api:22.1.2] AndroidManifest.xml:24:22-65
31    <uses-permission android:name="com.google.android.gms.permission.AD_ID" />
31-->[com.google.android.gms:play-services-measurement-api:22.1.2] AndroidManifest.xml:25:5-79
31-->[com.google.android.gms:play-services-measurement-api:22.1.2] AndroidManifest.xml:25:22-76
32    <uses-permission android:name="android.permission.ACCESS_ADSERVICES_ATTRIBUTION" />
32-->[com.google.android.gms:play-services-measurement-api:22.1.2] AndroidManifest.xml:26:5-88
32-->[com.google.android.gms:play-services-measurement-api:22.1.2] AndroidManifest.xml:26:22-85
33    <uses-permission android:name="android.permission.ACCESS_ADSERVICES_AD_ID" />
33-->[com.google.android.gms:play-services-measurement-api:22.1.2] AndroidManifest.xml:27:5-82
33-->[com.google.android.gms:play-services-measurement-api:22.1.2] AndroidManifest.xml:27:22-79
34    <uses-permission android:name="com.google.android.providers.gsf.permission.READ_GSERVICES" />
34-->[com.google.android.recaptcha:recaptcha:18.5.1] AndroidManifest.xml:9:5-98
34-->[com.google.android.recaptcha:recaptcha:18.5.1] AndroidManifest.xml:9:22-95
35
36    <uses-feature
36-->[com.google.android.gms:play-services-maps:18.2.0] AndroidManifest.xml:26:5-28:35
37        android:glEsVersion="0x00020000"
37-->[com.google.android.gms:play-services-maps:18.2.0] AndroidManifest.xml:27:9-41
38        android:required="true" />
38-->[com.google.android.gms:play-services-maps:18.2.0] AndroidManifest.xml:28:9-32
39
40    <uses-permission android:name="com.google.android.finsky.permission.BIND_GET_INSTALL_REFERRER_SERVICE" />
40-->[com.google.android.gms:play-services-measurement:22.1.2] AndroidManifest.xml:26:5-110
40-->[com.google.android.gms:play-services-measurement:22.1.2] AndroidManifest.xml:26:22-107
41
42    <permission
42-->[androidx.core:core:1.13.1] AndroidManifest.xml:22:5-24:47
43        android:name="com.example.navit.DYNAMIC_RECEIVER_NOT_EXPORTED_PERMISSION"
43-->[androidx.core:core:1.13.1] AndroidManifest.xml:23:9-81
44        android:protectionLevel="signature" />
44-->[androidx.core:core:1.13.1] AndroidManifest.xml:24:9-44
45
46    <uses-permission android:name="com.example.navit.DYNAMIC_RECEIVER_NOT_EXPORTED_PERMISSION" />
46-->[androidx.core:core:1.13.1] AndroidManifest.xml:26:5-97
46-->[androidx.core:core:1.13.1] AndroidManifest.xml:26:22-94
47
48    <application
49        android:name="android.app.Application"
49-->src\main\AndroidManifest.xml:4:9-42
50        android:appComponentFactory="androidx.core.app.CoreComponentFactory"
50-->[androidx.core:core:1.13.1] AndroidManifest.xml:28:18-86
51        android:enableOnBackInvokedCallback="true"
51-->src\main\AndroidManifest.xml:6:9-51
52        android:extractNativeLibs="false"
53        android:icon="@mipmap/ic_launcher"
53-->src\main\AndroidManifest.xml:5:9-43
54        android:label="navit" > <!-- Add this line -->
54-->src\main\AndroidManifest.xml:3:9-30
55>
56        <activity
56-->src\main\AndroidManifest.xml:7:9-28:20
57            android:name="com.example.navit.MainActivity"
57-->src\main\AndroidManifest.xml:8:13-41
58            android:configChanges="orientation|keyboardHidden|keyboard|screenSize|smallestScreenSize|locale|layoutDirection|fontScale|screenLayout|density|uiMode"
58-->src\main\AndroidManifest.xml:13:13-163
59            android:exported="true"
59-->src\main\AndroidManifest.xml:9:13-36
60            android:hardwareAccelerated="true"
60-->src\main\AndroidManifest.xml:14:13-47
61            android:launchMode="singleTop"
61-->src\main\AndroidManifest.xml:10:13-43
62            android:taskAffinity=""
62-->src\main\AndroidManifest.xml:11:13-36
63            android:theme="@style/LaunchTheme"
63-->src\main\AndroidManifest.xml:12:13-47
64            android:windowSoftInputMode="adjustResize" >
64-->src\main\AndroidManifest.xml:15:13-55
65
66            <!--
67                 Specifies an Android theme to apply to this Activity as soon as
68                 the Android process has started. This theme is visible to the user
69                 while the Flutter UI initializes. After that, this theme continues
70                 to determine the Window background behind the Flutter UI.
71            -->
72            <meta-data
72-->src\main\AndroidManifest.xml:20:13-23:17
73                android:name="io.flutter.embedding.android.NormalTheme"
73-->src\main\AndroidManifest.xml:21:15-70
74                android:resource="@style/NormalTheme" />
74-->src\main\AndroidManifest.xml:22:15-52
75
76            <intent-filter>
76-->src\main\AndroidManifest.xml:24:13-27:29
77                <action android:name="android.intent.action.MAIN" />
77-->src\main\AndroidManifest.xml:25:17-68
77-->src\main\AndroidManifest.xml:25:25-66
78
79                <category android:name="android.intent.category.LAUNCHER" />
79-->src\main\AndroidManifest.xml:26:17-76
79-->src\main\AndroidManifest.xml:26:27-74
80            </intent-filter>
81        </activity>
82        <!--
83             Don't delete the meta-data below.
84             This is used by the Flutter tool to generate GeneratedPluginRegistrant.java
85        -->
86        <meta-data
86-->src\main\AndroidManifest.xml:31:9-33:33
87            android:name="flutterEmbedding"
87-->src\main\AndroidManifest.xml:32:13-44
88            android:value="2" />
88-->src\main\AndroidManifest.xml:33:13-30
89        <!-- Add your Google Maps API key here -->
90
91        <service
91-->[:cloud_firestore] AndroidManifest.xml:8:9-12:19
92            android:name="com.google.firebase.components.ComponentDiscoveryService"
92-->[:cloud_firestore] AndroidManifest.xml:8:18-89
93            android:directBootAware="true"
93-->[com.google.firebase:firebase-common:21.0.0] AndroidManifest.xml:32:13-43
94            android:exported="false" >
94-->[com.google.firebase:firebase-firestore:25.1.1] AndroidManifest.xml:16:13-37
95            <meta-data
95-->[:cloud_firestore] AndroidManifest.xml:9:13-11:85
96                android:name="com.google.firebase.components:io.flutter.plugins.firebase.firestore.FlutterFirebaseFirestoreRegistrar"
96-->[:cloud_firestore] AndroidManifest.xml:10:17-134
97                android:value="com.google.firebase.components.ComponentRegistrar" />
97-->[:cloud_firestore] AndroidManifest.xml:11:17-82
98            <meta-data
98-->[:firebase_app_check] AndroidManifest.xml:9:13-11:85
99                android:name="com.google.firebase.components:io.flutter.plugins.firebase.appcheck.FlutterFirebaseAppRegistrar"
99-->[:firebase_app_check] AndroidManifest.xml:10:17-127
100                android:value="com.google.firebase.components.ComponentRegistrar" />
100-->[:firebase_app_check] AndroidManifest.xml:11:17-82
101            <meta-data
101-->[:firebase_auth] AndroidManifest.xml:9:13-11:85
102                android:name="com.google.firebase.components:io.flutter.plugins.firebase.auth.FlutterFirebaseAuthRegistrar"
102-->[:firebase_auth] AndroidManifest.xml:10:17-124
103                android:value="com.google.firebase.components.ComponentRegistrar" />
103-->[:firebase_auth] AndroidManifest.xml:11:17-82
104            <meta-data
104-->[:firebase_core] AndroidManifest.xml:9:13-11:85
105                android:name="com.google.firebase.components:io.flutter.plugins.firebase.core.FlutterFirebaseCoreRegistrar"
105-->[:firebase_core] AndroidManifest.xml:10:17-124
106                android:value="com.google.firebase.components.ComponentRegistrar" />
106-->[:firebase_core] AndroidManifest.xml:11:17-82
107            <meta-data
107-->[com.google.firebase:firebase-firestore:25.1.1] AndroidManifest.xml:17:13-19:85
108                android:name="com.google.firebase.components:com.google.firebase.firestore.FirebaseFirestoreKtxRegistrar"
108-->[com.google.firebase:firebase-firestore:25.1.1] AndroidManifest.xml:18:17-122
109                android:value="com.google.firebase.components.ComponentRegistrar" />
109-->[com.google.firebase:firebase-firestore:25.1.1] AndroidManifest.xml:19:17-82
110            <meta-data
110-->[com.google.firebase:firebase-firestore:25.1.1] AndroidManifest.xml:20:13-22:85
111                android:name="com.google.firebase.components:com.google.firebase.firestore.FirestoreRegistrar"
111-->[com.google.firebase:firebase-firestore:25.1.1] AndroidManifest.xml:21:17-111
112                android:value="com.google.firebase.components.ComponentRegistrar" />
112-->[com.google.firebase:firebase-firestore:25.1.1] AndroidManifest.xml:22:17-82
113            <meta-data
113-->[com.google.android.gms:play-services-measurement-api:22.1.2] AndroidManifest.xml:37:13-39:85
114                android:name="com.google.firebase.components:com.google.firebase.analytics.connector.internal.AnalyticsConnectorRegistrar"
114-->[com.google.android.gms:play-services-measurement-api:22.1.2] AndroidManifest.xml:38:17-139
115                android:value="com.google.firebase.components.ComponentRegistrar" />
115-->[com.google.android.gms:play-services-measurement-api:22.1.2] AndroidManifest.xml:39:17-82
116            <meta-data
116-->[com.google.firebase:firebase-appcheck-debug:18.0.0] AndroidManifest.xml:25:13-27:85
117                android:name="com.google.firebase.components:com.google.firebase.appcheck.debug.FirebaseAppCheckDebugRegistrar"
117-->[com.google.firebase:firebase-appcheck-debug:18.0.0] AndroidManifest.xml:26:17-128
118                android:value="com.google.firebase.components.ComponentRegistrar" />
118-->[com.google.firebase:firebase-appcheck-debug:18.0.0] AndroidManifest.xml:27:17-82
119            <meta-data
119-->[com.google.firebase:firebase-appcheck-playintegrity:18.0.0] AndroidManifest.xml:25:13-27:85
120                android:name="com.google.firebase.components:com.google.firebase.appcheck.playintegrity.FirebaseAppCheckPlayIntegrityRegistrar"
120-->[com.google.firebase:firebase-appcheck-playintegrity:18.0.0] AndroidManifest.xml:26:17-144
121                android:value="com.google.firebase.components.ComponentRegistrar" />
121-->[com.google.firebase:firebase-appcheck-playintegrity:18.0.0] AndroidManifest.xml:27:17-82
122            <meta-data
122-->[com.google.firebase:firebase-appcheck-safetynet:16.1.2] AndroidManifest.xml:27:13-29:85
123                android:name="com.google.firebase.components:com.google.firebase.appcheck.safetynet.FirebaseAppCheckSafetyNetRegistrar"
123-->[com.google.firebase:firebase-appcheck-safetynet:16.1.2] AndroidManifest.xml:28:17-136
124                android:value="com.google.firebase.components.ComponentRegistrar" />
124-->[com.google.firebase:firebase-appcheck-safetynet:16.1.2] AndroidManifest.xml:29:17-82
125            <meta-data
125-->[com.google.firebase:firebase-appcheck:18.0.0] AndroidManifest.xml:25:13-27:85
126                android:name="com.google.firebase.components:com.google.firebase.appcheck.FirebaseAppCheckKtxRegistrar"
126-->[com.google.firebase:firebase-appcheck:18.0.0] AndroidManifest.xml:26:17-120
127                android:value="com.google.firebase.components.ComponentRegistrar" />
127-->[com.google.firebase:firebase-appcheck:18.0.0] AndroidManifest.xml:27:17-82
128            <meta-data
128-->[com.google.firebase:firebase-appcheck:18.0.0] AndroidManifest.xml:28:13-30:85
129                android:name="com.google.firebase.components:com.google.firebase.appcheck.FirebaseAppCheckRegistrar"
129-->[com.google.firebase:firebase-appcheck:18.0.0] AndroidManifest.xml:29:17-117
130                android:value="com.google.firebase.components.ComponentRegistrar" />
130-->[com.google.firebase:firebase-appcheck:18.0.0] AndroidManifest.xml:30:17-82
131            <meta-data
131-->[com.google.firebase:firebase-installations:18.0.0] AndroidManifest.xml:15:13-17:85
132                android:name="com.google.firebase.components:com.google.firebase.installations.FirebaseInstallationsKtxRegistrar"
132-->[com.google.firebase:firebase-installations:18.0.0] AndroidManifest.xml:16:17-130
133                android:value="com.google.firebase.components.ComponentRegistrar" />
133-->[com.google.firebase:firebase-installations:18.0.0] AndroidManifest.xml:17:17-82
134            <meta-data
134-->[com.google.firebase:firebase-installations:18.0.0] AndroidManifest.xml:18:13-20:85
135                android:name="com.google.firebase.components:com.google.firebase.installations.FirebaseInstallationsRegistrar"
135-->[com.google.firebase:firebase-installations:18.0.0] AndroidManifest.xml:19:17-127
136                android:value="com.google.firebase.components.ComponentRegistrar" />
136-->[com.google.firebase:firebase-installations:18.0.0] AndroidManifest.xml:20:17-82
137            <meta-data
137-->[com.google.firebase:firebase-common-ktx:21.0.0] AndroidManifest.xml:12:13-14:85
138                android:name="com.google.firebase.components:com.google.firebase.ktx.FirebaseCommonLegacyRegistrar"
138-->[com.google.firebase:firebase-common-ktx:21.0.0] AndroidManifest.xml:13:17-116
139                android:value="com.google.firebase.components.ComponentRegistrar" />
139-->[com.google.firebase:firebase-common-ktx:21.0.0] AndroidManifest.xml:14:17-82
140            <meta-data
140-->[com.google.firebase:firebase-auth:23.1.0] AndroidManifest.xml:69:13-71:85
141                android:name="com.google.firebase.components:com.google.firebase.auth.FirebaseAuthRegistrar"
141-->[com.google.firebase:firebase-auth:23.1.0] AndroidManifest.xml:70:17-109
142                android:value="com.google.firebase.components.ComponentRegistrar" />
142-->[com.google.firebase:firebase-auth:23.1.0] AndroidManifest.xml:71:17-82
143            <meta-data
143-->[com.google.firebase:firebase-common:21.0.0] AndroidManifest.xml:35:13-37:85
144                android:name="com.google.firebase.components:com.google.firebase.FirebaseCommonKtxRegistrar"
144-->[com.google.firebase:firebase-common:21.0.0] AndroidManifest.xml:36:17-109
145                android:value="com.google.firebase.components.ComponentRegistrar" />
145-->[com.google.firebase:firebase-common:21.0.0] AndroidManifest.xml:37:17-82
146        </service>
147
148        <property
148-->[com.google.android.gms:play-services-measurement-api:22.1.2] AndroidManifest.xml:30:9-32:61
149            android:name="android.adservices.AD_SERVICES_CONFIG"
149-->[com.google.android.gms:play-services-measurement-api:22.1.2] AndroidManifest.xml:31:13-65
150            android:resource="@xml/ga_ad_services_config" />
150-->[com.google.android.gms:play-services-measurement-api:22.1.2] AndroidManifest.xml:32:13-58
151
152        <activity
152-->[com.google.firebase:firebase-auth:23.1.0] AndroidManifest.xml:29:9-46:20
153            android:name="com.google.firebase.auth.internal.GenericIdpActivity"
153-->[com.google.firebase:firebase-auth:23.1.0] AndroidManifest.xml:30:13-80
154            android:excludeFromRecents="true"
154-->[com.google.firebase:firebase-auth:23.1.0] AndroidManifest.xml:31:13-46
155            android:exported="true"
155-->[com.google.firebase:firebase-auth:23.1.0] AndroidManifest.xml:32:13-36
156            android:launchMode="singleTask"
156-->[com.google.firebase:firebase-auth:23.1.0] AndroidManifest.xml:33:13-44
157            android:theme="@android:style/Theme.Translucent.NoTitleBar" >
157-->[com.google.firebase:firebase-auth:23.1.0] AndroidManifest.xml:34:13-72
158            <intent-filter>
158-->[com.google.firebase:firebase-auth:23.1.0] AndroidManifest.xml:35:13-45:29
159                <action android:name="android.intent.action.VIEW" />
159-->[com.google.firebase:firebase-auth:23.1.0] AndroidManifest.xml:36:17-69
159-->[com.google.firebase:firebase-auth:23.1.0] AndroidManifest.xml:36:25-66
160
161                <category android:name="android.intent.category.DEFAULT" />
161-->[com.google.firebase:firebase-auth:23.1.0] AndroidManifest.xml:38:17-76
161-->[com.google.firebase:firebase-auth:23.1.0] AndroidManifest.xml:38:27-73
162                <category android:name="android.intent.category.BROWSABLE" />
162-->[com.google.firebase:firebase-auth:23.1.0] AndroidManifest.xml:39:17-78
162-->[com.google.firebase:firebase-auth:23.1.0] AndroidManifest.xml:39:27-75
163
164                <data
164-->src\main\AndroidManifest.xml:45:13-50
165                    android:host="firebase.auth"
166                    android:path="/"
167                    android:scheme="genericidp" />
168            </intent-filter>
169        </activity>
170        <activity
170-->[com.google.firebase:firebase-auth:23.1.0] AndroidManifest.xml:47:9-64:20
171            android:name="com.google.firebase.auth.internal.RecaptchaActivity"
171-->[com.google.firebase:firebase-auth:23.1.0] AndroidManifest.xml:48:13-79
172            android:excludeFromRecents="true"
172-->[com.google.firebase:firebase-auth:23.1.0] AndroidManifest.xml:49:13-46
173            android:exported="true"
173-->[com.google.firebase:firebase-auth:23.1.0] AndroidManifest.xml:50:13-36
174            android:launchMode="singleTask"
174-->[com.google.firebase:firebase-auth:23.1.0] AndroidManifest.xml:51:13-44
175            android:theme="@android:style/Theme.Translucent.NoTitleBar" >
175-->[com.google.firebase:firebase-auth:23.1.0] AndroidManifest.xml:52:13-72
176            <intent-filter>
176-->[com.google.firebase:firebase-auth:23.1.0] AndroidManifest.xml:53:13-63:29
177                <action android:name="android.intent.action.VIEW" />
177-->[com.google.firebase:firebase-auth:23.1.0] AndroidManifest.xml:36:17-69
177-->[com.google.firebase:firebase-auth:23.1.0] AndroidManifest.xml:36:25-66
178
179                <category android:name="android.intent.category.DEFAULT" />
179-->[com.google.firebase:firebase-auth:23.1.0] AndroidManifest.xml:38:17-76
179-->[com.google.firebase:firebase-auth:23.1.0] AndroidManifest.xml:38:27-73
180                <category android:name="android.intent.category.BROWSABLE" />
180-->[com.google.firebase:firebase-auth:23.1.0] AndroidManifest.xml:39:17-78
180-->[com.google.firebase:firebase-auth:23.1.0] AndroidManifest.xml:39:27-75
181
182                <data
182-->src\main\AndroidManifest.xml:45:13-50
183                    android:host="firebase.auth"
184                    android:path="/"
185                    android:scheme="recaptcha" />
186            </intent-filter>
187        </activity>
188
189        <service
189-->[androidx.credentials:credentials-play-services-auth:1.2.0-rc01] AndroidManifest.xml:24:9-32:19
190            android:name="androidx.credentials.playservices.CredentialProviderMetadataHolder"
190-->[androidx.credentials:credentials-play-services-auth:1.2.0-rc01] AndroidManifest.xml:25:13-94
191            android:enabled="true"
191-->[androidx.credentials:credentials-play-services-auth:1.2.0-rc01] AndroidManifest.xml:26:13-35
192            android:exported="false" >
192-->[androidx.credentials:credentials-play-services-auth:1.2.0-rc01] AndroidManifest.xml:27:13-37
193            <meta-data
193-->[androidx.credentials:credentials-play-services-auth:1.2.0-rc01] AndroidManifest.xml:29:13-31:104
194                android:name="androidx.credentials.CREDENTIAL_PROVIDER_KEY"
194-->[androidx.credentials:credentials-play-services-auth:1.2.0-rc01] AndroidManifest.xml:30:17-76
195                android:value="androidx.credentials.playservices.CredentialProviderPlayServicesImpl" />
195-->[androidx.credentials:credentials-play-services-auth:1.2.0-rc01] AndroidManifest.xml:31:17-101
196        </service>
197
198        <activity
198-->[androidx.credentials:credentials-play-services-auth:1.2.0-rc01] AndroidManifest.xml:34:9-41:20
199            android:name="androidx.credentials.playservices.HiddenActivity"
199-->[androidx.credentials:credentials-play-services-auth:1.2.0-rc01] AndroidManifest.xml:35:13-76
200            android:configChanges="orientation|screenSize|screenLayout|keyboardHidden"
200-->[androidx.credentials:credentials-play-services-auth:1.2.0-rc01] AndroidManifest.xml:36:13-87
201            android:enabled="true"
201-->[androidx.credentials:credentials-play-services-auth:1.2.0-rc01] AndroidManifest.xml:37:13-35
202            android:exported="false"
202-->[androidx.credentials:credentials-play-services-auth:1.2.0-rc01] AndroidManifest.xml:38:13-37
203            android:fitsSystemWindows="true"
203-->[androidx.credentials:credentials-play-services-auth:1.2.0-rc01] AndroidManifest.xml:39:13-45
204            android:theme="@style/Theme.Hidden" >
204-->[androidx.credentials:credentials-play-services-auth:1.2.0-rc01] AndroidManifest.xml:40:13-48
205        </activity> <!-- Needs to be explicitly declared on P+ -->
206        <uses-library
206-->[com.google.android.gms:play-services-maps:18.2.0] AndroidManifest.xml:39:9-41:40
207            android:name="org.apache.http.legacy"
207-->[com.google.android.gms:play-services-maps:18.2.0] AndroidManifest.xml:40:13-50
208            android:required="false" />
208-->[com.google.android.gms:play-services-maps:18.2.0] AndroidManifest.xml:41:13-37
209
210        <receiver
210-->[com.google.android.gms:play-services-measurement:22.1.2] AndroidManifest.xml:29:9-33:20
211            android:name="com.google.android.gms.measurement.AppMeasurementReceiver"
211-->[com.google.android.gms:play-services-measurement:22.1.2] AndroidManifest.xml:30:13-85
212            android:enabled="true"
212-->[com.google.android.gms:play-services-measurement:22.1.2] AndroidManifest.xml:31:13-35
213            android:exported="false" >
213-->[com.google.android.gms:play-services-measurement:22.1.2] AndroidManifest.xml:32:13-37
214        </receiver>
215
216        <service
216-->[com.google.android.gms:play-services-measurement:22.1.2] AndroidManifest.xml:35:9-38:40
217            android:name="com.google.android.gms.measurement.AppMeasurementService"
217-->[com.google.android.gms:play-services-measurement:22.1.2] AndroidManifest.xml:36:13-84
218            android:enabled="true"
218-->[com.google.android.gms:play-services-measurement:22.1.2] AndroidManifest.xml:37:13-35
219            android:exported="false" />
219-->[com.google.android.gms:play-services-measurement:22.1.2] AndroidManifest.xml:38:13-37
220        <service
220-->[com.google.android.gms:play-services-measurement:22.1.2] AndroidManifest.xml:39:9-43:72
221            android:name="com.google.android.gms.measurement.AppMeasurementJobService"
221-->[com.google.android.gms:play-services-measurement:22.1.2] AndroidManifest.xml:40:13-87
222            android:enabled="true"
222-->[com.google.android.gms:play-services-measurement:22.1.2] AndroidManifest.xml:41:13-35
223            android:exported="false"
223-->[com.google.android.gms:play-services-measurement:22.1.2] AndroidManifest.xml:42:13-37
224            android:permission="android.permission.BIND_JOB_SERVICE" />
224-->[com.google.android.gms:play-services-measurement:22.1.2] AndroidManifest.xml:43:13-69
225
226        <activity
226-->[com.google.android.gms:play-services-auth:20.7.0] AndroidManifest.xml:23:9-27:75
227            android:name="com.google.android.gms.auth.api.signin.internal.SignInHubActivity"
227-->[com.google.android.gms:play-services-auth:20.7.0] AndroidManifest.xml:24:13-93
228            android:excludeFromRecents="true"
228-->[com.google.android.gms:play-services-auth:20.7.0] AndroidManifest.xml:25:13-46
229            android:exported="false"
229-->[com.google.android.gms:play-services-auth:20.7.0] AndroidManifest.xml:26:13-37
230            android:theme="@android:style/Theme.Translucent.NoTitleBar" />
230-->[com.google.android.gms:play-services-auth:20.7.0] AndroidManifest.xml:27:13-72
231        <!--
232            Service handling Google Sign-In user revocation. For apps that do not integrate with
233            Google Sign-In, this service will never be started.
234        -->
235        <service
235-->[com.google.android.gms:play-services-auth:20.7.0] AndroidManifest.xml:33:9-37:51
236            android:name="com.google.android.gms.auth.api.signin.RevocationBoundService"
236-->[com.google.android.gms:play-services-auth:20.7.0] AndroidManifest.xml:34:13-89
237            android:exported="true"
237-->[com.google.android.gms:play-services-auth:20.7.0] AndroidManifest.xml:35:13-36
238            android:permission="com.google.android.gms.auth.api.signin.permission.REVOCATION_NOTIFICATION"
238-->[com.google.android.gms:play-services-auth:20.7.0] AndroidManifest.xml:36:13-107
239            android:visibleToInstantApps="true" />
239-->[com.google.android.gms:play-services-auth:20.7.0] AndroidManifest.xml:37:13-48
240
241        <provider
241-->[com.google.firebase:firebase-common:21.0.0] AndroidManifest.xml:23:9-28:39
242            android:name="com.google.firebase.provider.FirebaseInitProvider"
242-->[com.google.firebase:firebase-common:21.0.0] AndroidManifest.xml:24:13-77
243            android:authorities="com.example.navit.firebaseinitprovider"
243-->[com.google.firebase:firebase-common:21.0.0] AndroidManifest.xml:25:13-72
244            android:directBootAware="true"
244-->[com.google.firebase:firebase-common:21.0.0] AndroidManifest.xml:26:13-43
245            android:exported="false"
245-->[com.google.firebase:firebase-common:21.0.0] AndroidManifest.xml:27:13-37
246            android:initOrder="100" />
246-->[com.google.firebase:firebase-common:21.0.0] AndroidManifest.xml:28:13-36
247
248        <uses-library
248-->[androidx.window:window:1.2.0] AndroidManifest.xml:23:9-25:40
249            android:name="androidx.window.extensions"
249-->[androidx.window:window:1.2.0] AndroidManifest.xml:24:13-54
250            android:required="false" />
250-->[androidx.window:window:1.2.0] AndroidManifest.xml:25:13-37
251        <uses-library
251-->[androidx.window:window:1.2.0] AndroidManifest.xml:26:9-28:40
252            android:name="androidx.window.sidecar"
252-->[androidx.window:window:1.2.0] AndroidManifest.xml:27:13-51
253            android:required="false" />
253-->[androidx.window:window:1.2.0] AndroidManifest.xml:28:13-37
254        <uses-library
254-->[androidx.privacysandbox.ads:ads-adservices:1.0.0-beta05] AndroidManifest.xml:23:9-25:40
255            android:name="android.ext.adservices"
255-->[androidx.privacysandbox.ads:ads-adservices:1.0.0-beta05] AndroidManifest.xml:24:13-50
256            android:required="false" />
256-->[androidx.privacysandbox.ads:ads-adservices:1.0.0-beta05] AndroidManifest.xml:25:13-37
257
258        <activity
258-->[com.google.android.gms:play-services-base:18.5.0] AndroidManifest.xml:5:9-173
259            android:name="com.google.android.gms.common.api.GoogleApiActivity"
259-->[com.google.android.gms:play-services-base:18.5.0] AndroidManifest.xml:5:19-85
260            android:exported="false"
260-->[com.google.android.gms:play-services-base:18.5.0] AndroidManifest.xml:5:146-170
261            android:theme="@android:style/Theme.Translucent.NoTitleBar" />
261-->[com.google.android.gms:play-services-base:18.5.0] AndroidManifest.xml:5:86-145
262
263        <meta-data
263-->[com.google.android.gms:play-services-basement:18.4.0] AndroidManifest.xml:6:9-122
264            android:name="com.google.android.gms.version"
264-->[com.google.android.gms:play-services-basement:18.4.0] AndroidManifest.xml:6:20-65
265            android:value="@integer/google_play_services_version" />
265-->[com.google.android.gms:play-services-basement:18.4.0] AndroidManifest.xml:6:66-119
266
267        <provider
267-->[androidx.lifecycle:lifecycle-process:2.7.0] AndroidManifest.xml:24:9-32:20
268            android:name="androidx.startup.InitializationProvider"
268-->[androidx.lifecycle:lifecycle-process:2.7.0] AndroidManifest.xml:25:13-67
269            android:authorities="com.example.navit.androidx-startup"